{"name": "test_sub1", "status": "failed", "statusDetails": {"message": "AssertionError: assert (2 + 2) == 3", "trace": "def test_sub1():\n>       assert 2 + 2 == 3\nE       assert (2 + 2) == 3\n\nMar/22_March_2024/test_Lab152.py:5: AssertionError"}, "start": 1711427541999, "stop": 1711427541999, "uuid": "b5e946ac-da74-4e0a-af91-2fb15570aeb1", "historyId": "2d02d369894265cbf39d206ec477f7e7", "testCaseId": "2d02d369894265cbf39d206ec477f7e7", "fullName": "Mar.22_March_2024.test_Lab152#test_sub1", "labels": [{"name": "parentSuite", "value": "Mar.22_March_2024"}, {"name": "suite", "value": "test_Lab152"}, {"name": "host", "value": "Davids-MBP"}, {"name": "thread", "value": "14146-MainThread"}, {"name": "framework", "value": "pytest"}, {"name": "language", "value": "cpython3"}, {"name": "package", "value": "Mar.22_March_2024.test_Lab152"}]}